2024-10-31 13:43:14 - INFO - Iniciando o scraping do IMDb Top 250
2024-10-31 13:43:14 - INFO - ====== WebDriver manager ======
2024-10-31 13:43:16 - INFO - Get LATEST chromedriver version for google-chrome
2024-10-31 13:43:16 - INFO - Get LATEST chromedriver version for google-chrome
2024-10-31 13:43:16 - INFO - Driver [C:\Users\PC\.wdm\drivers\chromedriver\win64\130.0.6723.91\chromedriver-win32/chromedriver.exe] found in cache
2024-10-31 13:44:41 - ERROR - Erro ao acessar a página principal https://www.imdb.com/chart/top/: Message: 
Stacktrace:
	GetHandleVerifier [0x006538B3+24035]
	(No symbol) [0x005DBC44]
	(No symbol) [0x004BC2D3]
	(No symbol) [0x004FDC86]
	(No symbol) [0x004FDECB]
	(No symbol) [0x0053B9D2]
	(No symbol) [0x0051FED4]
	(No symbol) [0x0053953F]
	(No symbol) [0x0051FC26]
	(No symbol) [0x004F218C]
	(No symbol) [0x004F310D]
	GetHandleVerifier [0x008F96D3+2800643]
	GetHandleVerifier [0x0095428E+3172286]
	GetHandleVerifier [0x0094CEA2+3142610]
	GetHandleVerifier [0x006F6C60+692624]
	(No symbol) [0x005E4C5D]
	(No symbol) [0x005E1968]
	(No symbol) [0x005E1B00]
	(No symbol) [0x005D3FB0]
	BaseThreadInitThunk [0x75A0FCC9+25]
	RtlGetAppContainerNamedObjectPath [0x7731809E+286]
	RtlGetAppContainerNamedObjectPath [0x7731806E+238]

2024-10-31 13:44:49 - INFO - Dados salvos com sucesso em imdb_top_movies.json
2024-10-31 13:44:49 - INFO - Scraping concluído com sucesso
